<?xml version="1.0" encoding="UTF-8"?>
<testng-results ignored="0" total="2" passed="2" failed="0" skipped="0">
  <reporter-output>
    <line>
      <![CDATA[No of rows are::10]]>
    </line>
    <line>
      <![CDATA[Login success   dashboard     http://orangehrm.qedgetech.com/symfony/web/index.php/dashboard]]>
    </line>
    <line>
      <![CDATA[Invalid credentials   dashboard       http://orangehrm.qedgetech.com/symfony/web/index.php/auth/validateCredentials]]>
    </line>
    <line>
      <![CDATA[Invalid credentials   dashboard       http://orangehrm.qedgetech.com/symfony/web/index.php/auth/validateCredentials]]>
    </line>
    <line>
      <![CDATA[Login success   dashboard     http://orangehrm.qedgetech.com/symfony/web/index.php/dashboard]]>
    </line>
    <line>
      <![CDATA[Username cannot be empty   dashboard       http://orangehrm.qedgetech.com/symfony/web/index.php/auth/login]]>
    </line>
    <line>
      <![CDATA[Login success   dashboard     http://orangehrm.qedgetech.com/symfony/web/index.php/dashboard]]>
    </line>
    <line>
      <![CDATA[Password cannot be empty   dashboard       http://orangehrm.qedgetech.com/symfony/web/index.php/auth/login]]>
    </line>
    <line>
      <![CDATA[Login success   dashboard     http://orangehrm.qedgetech.com/symfony/web/index.php/dashboard]]>
    </line>
    <line>
      <![CDATA[Username cannot be empty   dashboard       http://orangehrm.qedgetech.com/symfony/web/index.php/auth/login]]>
    </line>
    <line>
      <![CDATA[Login success   dashboard     http://orangehrm.qedgetech.com/symfony/web/index.php/dashboard]]>
    </line>
    <line>
      <![CDATA[No of rows are::5]]>
    </line>
    <line>
      <![CDATA[Add Employee Success]]>
    </line>
    <line>
      <![CDATA[Add Employee Success]]>
    </line>
    <line>
      <![CDATA[Add Employee Success]]>
    </line>
    <line>
      <![CDATA[Add Employee Success]]>
    </line>
    <line>
      <![CDATA[Add Employee Success]]>
    </line>
  </reporter-output>
  <suite started-at="2023-01-11T11:23:42 IST" name="Suite" finished-at="2023-01-11T11:25:04 IST" duration-ms="82451">
    <groups>
    </groups>
    <test started-at="2023-01-11T11:23:42 IST" name="PomResults" finished-at="2023-01-11T11:24:25 IST" duration-ms="42679">
      <class name="driverFactory.DriverScript">
        <test-method is-config="true" signature="setUp()[pri:0, instance:driverFactory.DriverScript@470734c3]" started-at="2023-01-11T11:23:42 IST" name="setUp" finished-at="2023-01-11T11:23:44 IST" duration-ms="2565" status="PASS">
          <reporter-output>
          </reporter-output>
        </test-method> <!-- setUp -->
        <test-method signature="startTest()[pri:0, instance:driverFactory.DriverScript@470734c3]" started-at="2023-01-11T11:23:45 IST" name="startTest" finished-at="2023-01-11T11:24:23 IST" duration-ms="38934" status="PASS">
          <reporter-output>
            <line>
              <![CDATA[No of rows are::10]]>
            </line>
            <line>
              <![CDATA[Login success   dashboard     http://orangehrm.qedgetech.com/symfony/web/index.php/dashboard]]>
            </line>
            <line>
              <![CDATA[Invalid credentials   dashboard       http://orangehrm.qedgetech.com/symfony/web/index.php/auth/validateCredentials]]>
            </line>
            <line>
              <![CDATA[Invalid credentials   dashboard       http://orangehrm.qedgetech.com/symfony/web/index.php/auth/validateCredentials]]>
            </line>
            <line>
              <![CDATA[Login success   dashboard     http://orangehrm.qedgetech.com/symfony/web/index.php/dashboard]]>
            </line>
            <line>
              <![CDATA[Username cannot be empty   dashboard       http://orangehrm.qedgetech.com/symfony/web/index.php/auth/login]]>
            </line>
            <line>
              <![CDATA[Login success   dashboard     http://orangehrm.qedgetech.com/symfony/web/index.php/dashboard]]>
            </line>
            <line>
              <![CDATA[Password cannot be empty   dashboard       http://orangehrm.qedgetech.com/symfony/web/index.php/auth/login]]>
            </line>
            <line>
              <![CDATA[Login success   dashboard     http://orangehrm.qedgetech.com/symfony/web/index.php/dashboard]]>
            </line>
            <line>
              <![CDATA[Username cannot be empty   dashboard       http://orangehrm.qedgetech.com/symfony/web/index.php/auth/login]]>
            </line>
            <line>
              <![CDATA[Login success   dashboard     http://orangehrm.qedgetech.com/symfony/web/index.php/dashboard]]>
            </line>
          </reporter-output>
        </test-method> <!-- startTest -->
        <test-method is-config="true" signature="tearDown()[pri:0, instance:driverFactory.DriverScript@470734c3]" started-at="2023-01-11T11:24:24 IST" name="tearDown" finished-at="2023-01-11T11:24:25 IST" duration-ms="1081" status="PASS">
          <reporter-output>
          </reporter-output>
        </test-method> <!-- tearDown -->
      </class> <!-- driverFactory.DriverScript -->
    </test> <!-- PomResults -->
    <test started-at="2023-01-11T11:24:25 IST" name="DataDrivenResults" finished-at="2023-01-11T11:25:04 IST" duration-ms="39704">
      <class name="driverFactory.TestScript">
        <test-method is-config="true" signature="adminLogin()[pri:0, instance:driverFactory.TestScript@413d1baf]" started-at="2023-01-11T11:24:25 IST" name="adminLogin" finished-at="2023-01-11T11:24:35 IST" duration-ms="10384" status="PASS">
          <reporter-output>
          </reporter-output>
        </test-method> <!-- adminLogin -->
        <test-method signature="startTest()[pri:0, instance:driverFactory.TestScript@413d1baf]" started-at="2023-01-11T11:24:35 IST" name="startTest" finished-at="2023-01-11T11:25:02 IST" duration-ms="27012" status="PASS">
          <reporter-output>
            <line>
              <![CDATA[No of rows are::5]]>
            </line>
            <line>
              <![CDATA[Add Employee Success]]>
            </line>
            <line>
              <![CDATA[Add Employee Success]]>
            </line>
            <line>
              <![CDATA[Add Employee Success]]>
            </line>
            <line>
              <![CDATA[Add Employee Success]]>
            </line>
            <line>
              <![CDATA[Add Employee Success]]>
            </line>
          </reporter-output>
        </test-method> <!-- startTest -->
        <test-method is-config="true" signature="logoutApp()[pri:0, instance:driverFactory.TestScript@413d1baf]" started-at="2023-01-11T11:25:02 IST" name="logoutApp" finished-at="2023-01-11T11:25:04 IST" duration-ms="2304" status="PASS">
          <reporter-output>
          </reporter-output>
        </test-method> <!-- logoutApp -->
      </class> <!-- driverFactory.TestScript -->
    </test> <!-- DataDrivenResults -->
  </suite> <!-- Suite -->
</testng-results>
